<?xml version="1.0" encoding="UTF-8"?>
<!-- Generated by org.testng.reporters.JUnitXMLReporter -->
<testsuite ignored="4" hostname="LAPTOP-4OB0QS37" failures="0" tests="1" name="Default test" time="12.901" errors="0" timestamp="14 Apr 2025 06:56:57 GMT">
  <testcase classname="SwagLab_Test.LoginTest" name="LoginFailureTestFromProperties" time="0.795"/>
  <testcase classname="SwagLab_Test.LoginTest" name="LoginFailureTestFromExcel" time="0.0">
    <ignored/>
  </testcase> <!-- LoginFailureTestFromExcel -->
  <testcase classname="SwagLab_Test.LoginTest" name="LoginFailiureTest" time="0.0">
    <ignored/>
  </testcase> <!-- LoginFailiureTest -->
  <testcase classname="SwagLab_Test.LoginTest" name="LockedUserLoginFailureTest" time="0.0">
    <ignored/>
  </testcase> <!-- LockedUserLoginFailureTest -->
  <testcase classname="SwagLab_Test.LoginTest" name="LoginSuccessTest" time="0.0">
    <ignored/>
  </testcase> <!-- LoginSuccessTest -->
</testsuite> <!-- Default test -->
