<?xml version="1.0" encoding="UTF-8"?>
<!-- Generated by org.testng.reporters.JUnitXMLReporter -->
<testsuite ignored="0" hostname="LAPTOP-4OB0QS37" failures="0" tests="5" name="SmokeTest" time="71.265" errors="0" timestamp="08 Jun 2025 10:50:07 GMT">
  <testcase classname="SwagLab_Test.LoginTest" name="LockedUserLoginFailureTest" time="0.547"/>
  <testcase classname="SwagLab_Test.LoginTest" name="LoginFailureTestFromExcel" time="0.478"/>
  <testcase classname="SwagLab_Test.LoginTest" name="LoginFailureTestFromProperties" time="0.426"/>
  <testcase classname="SwagLab_Test.LoginTest" name="LoginSuccessTest" time="0.492"/>
  <testcase classname="SwagLab_Test.LoginTest" name="LoginFailiureTest" time="0.403"/>
</testsuite> <!-- SmokeTest -->
