<?xml version="1.0" encoding="UTF-8"?>
<!-- Generated by org.testng.reporters.JUnitXMLReporter -->
<testsuite ignored="2" hostname="LAPTOP-4OB0QS37" failures="0" tests="4" name="Test" time="0.115" errors="0" timestamp="06 Apr 2025 17:01:15 GMT">
  <testcase classname="testng.Annotations_Example2" name="test3" time="0.012"/>
  <testcase classname="testng.Annotations_Example2" name="test4" time="0.006"/>
  <testcase classname="testng.Annotations_Example" name="test1" time="0.007"/>
  <testcase classname="testng.Annotations_Example" name="test2" time="0.007"/>
  <testcase classname="testng.BaseClass" name="@BeforeTest method3" time="0.0">
    <ignored/>
  </testcase> <!-- @BeforeTest method3 -->
  <testcase classname="testng.BaseClass" name="@AfterTest method4" time="0.0">
    <ignored/>
  </testcase> <!-- @AfterTest method4 -->
</testsuite> <!-- Test -->
