<?xml version="1.0" encoding="UTF-8"?>
<testng-results ignored="4" total="5" passed="1" failed="0" skipped="0">
  <reporter-output>
  </reporter-output>
  <suite started-at="2025-04-14T06:56:44Z" name="Default suite" finished-at="2025-04-14T06:56:57Z" duration-ms="12901">
    <groups>
    </groups>
    <test started-at="2025-04-14T06:56:44Z" name="Default test" finished-at="2025-04-14T06:56:57Z" duration-ms="12901">
      <class name="SwagLab_Test.LoginTest">
        <test-method is-config="true" signature="SetUpExcel()[pri:0, instance:SwagLab_Test.LoginTest@642a7222]" started-at="2025-04-14T06:56:44Z" name="SetUpExcel" finished-at="2025-04-14T06:56:45Z" duration-ms="1254" status="PASS">
          <reporter-output>
          </reporter-output>
        </test-method> <!-- SetUpExcel -->
        <test-method is-config="true" signature="Setup()[pri:0, instance:SwagLab_Test.LoginTest@642a7222]" started-at="2025-04-14T06:56:45Z" name="Setup" finished-at="2025-04-14T06:56:53Z" duration-ms="8103" status="PASS">
          <reporter-output>
          </reporter-output>
        </test-method> <!-- Setup -->
        <test-method signature="LoginFailureTestFromProperties()[pri:0, instance:SwagLab_Test.LoginTest@642a7222]" started-at="2025-04-14T06:56:53Z" name="LoginFailureTestFromProperties" finished-at="2025-04-14T06:56:54Z" duration-ms="795" status="PASS">
          <reporter-output>
          </reporter-output>
        </test-method> <!-- LoginFailureTestFromProperties -->
        <test-method is-config="true" signature="Teardown()[pri:0, instance:SwagLab_Test.LoginTest@642a7222]" started-at="2025-04-14T06:56:54Z" name="Teardown" finished-at="2025-04-14T06:56:56Z" duration-ms="2373" status="PASS">
          <reporter-output>
          </reporter-output>
        </test-method> <!-- Teardown -->
        <test-method is-config="true" signature="CloseExcel()[pri:0, instance:SwagLab_Test.LoginTest@642a7222]" started-at="2025-04-14T06:56:56Z" name="CloseExcel" finished-at="2025-04-14T06:56:57Z" duration-ms="352" status="PASS">
          <reporter-output>
          </reporter-output>
        </test-method> <!-- CloseExcel -->
      </class> <!-- SwagLab_Test.LoginTest -->
    </test> <!-- Default test -->
  </suite> <!-- Default suite -->
</testng-results>
