<?xml version="1.0" encoding="UTF-8"?>
<!-- Generated by org.testng.reporters.JUnitXMLReporter -->
<testsuite ignored="0" hostname="LAPTOP-4OB0QS37" failures="0" tests="5" name="SmokeTest" time="38.0" errors="0" timestamp="16 Jun 2025 08:06:30 GMT">
  <testcase classname="SwagLab_Test.LoginTest" name="LockedUserLoginFailureTest" time="0.587"/>
  <testcase classname="SwagLab_Test.LoginTest" name="LoginFailureTestFromExcel" time="0.467"/>
  <testcase classname="SwagLab_Test.LoginTest" name="LoginFailureTestFromProperties" time="0.504"/>
  <testcase classname="SwagLab_Test.LoginTest" name="LoginSuccessTest" time="0.533"/>
  <testcase classname="SwagLab_Test.LoginTest" name="LoginFailiureTest" time="0.49"/>
</testsuite> <!-- SmokeTest -->
